proguard/usage.txt
biz.shadowservices.DegreesToolbox.DataFetcher:
    public double result
biz.shadowservices.DegreesToolbox.HttpGetter:
    20:22:public HttpGetter(java.net.URI)
biz.shadowservices.DegreesToolbox.HttpPoster:
    25:32:public HttpPoster(java.net.URI,java.util.List)
biz.shadowservices.DegreesToolbox.PhoneBalanceDBOpenHelper:
    private static final java.lang.String DATABASE_NAME
    private static final int DATABASE_VERSION
    private static final java.lang.String CACHE_TABLE_NAME
    private static final java.lang.String CACHE_TABLE_CREATE
biz.shadowservices.DegreesToolbox.R
biz.shadowservices.DegreesToolbox.R$attr
biz.shadowservices.DegreesToolbox.R$drawable
biz.shadowservices.DegreesToolbox.R$id
biz.shadowservices.DegreesToolbox.R$layout
biz.shadowservices.DegreesToolbox.R$menu
biz.shadowservices.DegreesToolbox.R$string
biz.shadowservices.DegreesToolbox.R$style
biz.shadowservices.DegreesToolbox.R$xml
biz.shadowservices.DegreesToolbox.UpdateWidgetService$LocalBinder:
    41:41:biz.shadowservices.DegreesToolbox.UpdateWidgetService getService()
...
org.apache.commons.io.ByteOrderMark
org.apache.commons.io.CopyUtils
org.apache.commons.io.DirectoryWalker
org.apache.commons.io.DirectoryWalker$CancelException
org.apache.commons.io.EndianUtils
org.apache.commons.io.FileCleaner
org.apache.commons.io.FileCleaningTracker
org.apache.commons.io.FileCleaningTracker$Reaper
org.apache.commons.io.FileCleaningTracker$Tracker
org.apache.commons.io.FileDeleteStrategy
org.apache.commons.io.FileDeleteStrategy$ForceFileDeleteStrategy
org.apache.commons.io.FileExistsException
org.apache.commons.io.FileSystemUtils
org.apache.commons.io.FileUtils
org.apache.commons.io.FilenameUtils
org.apache.commons.io.HexDump
org.apache.commons.io.IOCase
org.apache.commons.io.IOExceptionWithCause
org.apache.commons.io.IOUtils:
    public static final char DIR_SEPARATOR_UNIX
    public static final char DIR_SEPARATOR_WINDOWS
    public static final java.lang.String LINE_SEPARATOR_UNIX
    public static final java.lang.String LINE_SEPARATOR_WINDOWS
    private static final int DEFAULT_BUFFER_SIZE
    private static final int SKIP_BUFFER_SIZE
    private static char[] SKIP_CHAR_BUFFER
    private static byte[] SKIP_BYTE_BUFFER
    170:171:public static void closeQuietly(java.io.Reader)
    196:197:public static void closeQuietly(java.io.Writer)
    223:224:public static void closeQuietly(java.io.InputStream)
    251:252:public static void closeQuietly(java.io.OutputStream)
    279:285:public static void closeQuietly(java.io.Closeable)
    311:318:public static void closeQuietly(java.net.Socket)
    342:342:public static java.io.InputStream toBufferedInputStream(java.io.InputStream)
    359:361:public static byte[] toByteArray(java.io.InputStream)
    377:379:public static byte[] toByteArray(java.io.Reader)
    401:403:public static byte[] toByteArray(java.io.Reader,java.lang.String)
    420:420:public static byte[] toByteArray(java.lang.String)
    439:441:public static char[] toCharArray(java.io.InputStream)
    463:465:public static char[] toCharArray(java.io.InputStream,java.lang.String)
    481:483:public static char[] toCharArray(java.io.Reader)
    501:503:public static java.lang.String toString(java.io.InputStream)
org.apache.commons.io.LineIterator
org.apache.commons.io.TaggedIOException
org.apache.commons.io.ThreadMonitor
org.apache.commons.io.comparator.AbstractFileComparator
org.apache.commons.io.comparator.CompositeFileComparator
org.apache.commons.io.comparator.DefaultFileComparator
org.apache.commons.io.comparator.DirectoryFileComparator
org.apache.commons.io.comparator.ExtensionFileComparator
org.apache.commons.io.comparator.LastModifiedFileComparator
org.apache.commons.io.comparator.NameFileComparator
org.apache.commons.io.comparator.PathFileComparator
org.apache.commons.io.comparator.ReverseComparator
org.apache.commons.io.comparator.SizeFileComparator
org.apache.commons.io.filefilter.AbstractFileFilter
org.apache.commons.io.filefilter.AgeFileFilter
org.apache.commons.io.filefilter.AndFileFilter
org.apache.commons.io.filefilter.CanReadFileFilter
org.apache.commons.io.filefilter.CanWriteFileFilter
org.apache.commons.io.filefilter.ConditionalFileFilter
org.apache.commons.io.filefilter.DelegateFileFilter
org.apache.commons.io.filefilter.DirectoryFileFilter
org.apache.commons.io.filefilter.EmptyFileFilter
org.apache.commons.io.filefilter.FalseFileFilter
org.apache.commons.io.filefilter.FileFileFilter
org.apache.commons.io.filefilter.FileFilterUtils
org.apache.commons.io.filefilter.HiddenFileFilter
org.apache.commons.io.filefilter.IOFileFilter
org.apache.commons.io.filefilter.MagicNumberFileFilter
org.apache.commons.io.filefilter.NameFileFilter
org.apache.commons.io.filefilter.NotFileFilter
org.apache.commons.io.filefilter.OrFileFilter
org.apache.commons.io.filefilter.PrefixFileFilter
org.apache.commons.io.filefilter.RegexFileFilter
org.apache.commons.io.filefilter.SizeFileFilter
org.apache.commons.io.filefilter.SuffixFileFilter
org.apache.commons.io.filefilter.TrueFileFilter